<?xml version="1.0" encoding="UTF-8"?>
<testsuite xmlns:xsi="http://www.w3.org/2001/XMLSchema-instance" xsi:noNamespaceSchemaLocation="https://maven.apache.org/surefire/maven-surefire-plugin/xsd/surefire-test-report.xsd" name="com.example.jena.AppTest" time="0.039" tests="1" errors="0" skipped="0" failures="0">
  <properties>
    <property name="java.specification.version" value="21"/>
    <property name="sun.jnu.encoding" value="UTF-8"/>
    <property name="java.class.path" value="/home/adan03/Escritorio/WSEM/practica2/target/test-classes:/home/adan03/Escritorio/WSEM/practica2/target/classes:/home/adan03/.m2/repository/org/apache/jena/jena-core/4.10.0/jena-core-4.10.0.jar:/home/adan03/.m2/repository/org/apache/jena/jena-base/4.10.0/jena-base-4.10.0.jar:/home/adan03/.m2/repository/org/apache/commons/commons-csv/1.10.0/commons-csv-1.10.0.jar:/home/adan03/.m2/repository/commons-io/commons-io/2.14.0/commons-io-2.14.0.jar:/home/adan03/.m2/repository/commons-codec/commons-codec/1.16.0/commons-codec-1.16.0.jar:/home/adan03/.m2/repository/org/apache/commons/commons-compress/1.24.0/commons-compress-1.24.0.jar:/home/adan03/.m2/repository/org/apache/commons/commons-collections4/4.4/commons-collections4-4.4.jar:/home/adan03/.m2/repository/com/github/ben-manes/caffeine/caffeine/3.1.8/caffeine-3.1.8.jar:/home/adan03/.m2/repository/org/checkerframework/checker-qual/3.37.0/checker-qual-3.37.0.jar:/home/adan03/.m2/repository/com/google/errorprone/error_prone_annotations/2.21.1/error_prone_annotations-2.21.1.jar:/home/adan03/.m2/repository/com/github/andrewoma/dexx/collection/0.7/collection-0.7.jar:/home/adan03/.m2/repository/org/apache/jena/jena-iri/4.10.0/jena-iri-4.10.0.jar:/home/adan03/.m2/repository/commons-cli/commons-cli/1.5.0/commons-cli-1.5.0.jar:/home/adan03/.m2/repository/org/roaringbitmap/RoaringBitmap/1.0.0/RoaringBitmap-1.0.0.jar:/home/adan03/.m2/repository/org/apache/jena/jena-arq/4.10.0/jena-arq-4.10.0.jar:/home/adan03/.m2/repository/com/github/jsonld-java/jsonld-java/0.13.4/jsonld-java-0.13.4.jar:/home/adan03/.m2/repository/com/google/code/gson/gson/2.10.1/gson-2.10.1.jar:/home/adan03/.m2/repository/org/apache/httpcomponents/httpclient-cache/4.5.14/httpclient-cache-4.5.14.jar:/home/adan03/.m2/repository/org/apache/httpcomponents/httpclient/4.5.14/httpclient-4.5.14.jar:/home/adan03/.m2/repository/org/apache/httpcomponents/httpcore/4.4.16/httpcore-4.4.16.jar:/home/adan03/.m2/repository/org/slf4j/jcl-over-slf4j/1.7.36/jcl-over-slf4j-1.7.36.jar:/home/adan03/.m2/repository/com/fasterxml/jackson/core/jackson-core/2.15.3/jackson-core-2.15.3.jar:/home/adan03/.m2/repository/com/fasterxml/jackson/core/jackson-databind/2.15.3/jackson-databind-2.15.3.jar:/home/adan03/.m2/repository/com/fasterxml/jackson/core/jackson-annotations/2.15.3/jackson-annotations-2.15.3.jar:/home/adan03/.m2/repository/com/apicatalog/titanium-json-ld/1.3.2/titanium-json-ld-1.3.2.jar:/home/adan03/.m2/repository/org/glassfish/jakarta.json/2.0.1/jakarta.json-2.0.1.jar:/home/adan03/.m2/repository/com/google/protobuf/protobuf-java/3.24.3/protobuf-java-3.24.3.jar:/home/adan03/.m2/repository/org/apache/thrift/libthrift/0.19.0/libthrift-0.19.0.jar:/home/adan03/.m2/repository/org/apache/commons/commons-lang3/3.13.0/commons-lang3-3.13.0.jar:/home/adan03/.m2/repository/org/slf4j/slf4j-simple/1.7.36/slf4j-simple-1.7.36.jar:/home/adan03/.m2/repository/org/slf4j/slf4j-api/1.7.36/slf4j-api-1.7.36.jar:/home/adan03/.m2/repository/junit/junit/4.11/junit-4.11.jar:/home/adan03/.m2/repository/org/hamcrest/hamcrest-core/1.3/hamcrest-core-1.3.jar:"/>
    <property name="java.vm.vendor" value="Ubuntu"/>
    <property name="sun.arch.data.model" value="64"/>
    <property name="java.vendor.url" value="https://ubuntu.com/"/>
    <property name="os.name" value="Linux"/>
    <property name="java.vm.specification.version" value="21"/>
    <property name="user.country" value="ES"/>
    <property name="sun.java.launcher" value="SUN_STANDARD"/>
    <property name="sun.boot.library.path" value="/usr/lib/jvm/java-21-openjdk-amd64/lib"/>
    <property name="sun.java.command" value="/home/adan03/Escritorio/WSEM/practica2/target/surefire/surefirebooter1650502468847466018.jar /home/adan03/Escritorio/WSEM/practica2/target/surefire 2025-09-26T11-19-09_691-jvmRun1 surefire6723605581903278401tmp surefire_0130917432236371685tmp"/>
    <property name="jdk.debug" value="release"/>
    <property name="surefire.test.class.path" value="/home/adan03/Escritorio/WSEM/practica2/target/test-classes:/home/adan03/Escritorio/WSEM/practica2/target/classes:/home/adan03/.m2/repository/org/apache/jena/jena-core/4.10.0/jena-core-4.10.0.jar:/home/adan03/.m2/repository/org/apache/jena/jena-base/4.10.0/jena-base-4.10.0.jar:/home/adan03/.m2/repository/org/apache/commons/commons-csv/1.10.0/commons-csv-1.10.0.jar:/home/adan03/.m2/repository/commons-io/commons-io/2.14.0/commons-io-2.14.0.jar:/home/adan03/.m2/repository/commons-codec/commons-codec/1.16.0/commons-codec-1.16.0.jar:/home/adan03/.m2/repository/org/apache/commons/commons-compress/1.24.0/commons-compress-1.24.0.jar:/home/adan03/.m2/repository/org/apache/commons/commons-collections4/4.4/commons-collections4-4.4.jar:/home/adan03/.m2/repository/com/github/ben-manes/caffeine/caffeine/3.1.8/caffeine-3.1.8.jar:/home/adan03/.m2/repository/org/checkerframework/checker-qual/3.37.0/checker-qual-3.37.0.jar:/home/adan03/.m2/repository/com/google/errorprone/error_prone_annotations/2.21.1/error_prone_annotations-2.21.1.jar:/home/adan03/.m2/repository/com/github/andrewoma/dexx/collection/0.7/collection-0.7.jar:/home/adan03/.m2/repository/org/apache/jena/jena-iri/4.10.0/jena-iri-4.10.0.jar:/home/adan03/.m2/repository/commons-cli/commons-cli/1.5.0/commons-cli-1.5.0.jar:/home/adan03/.m2/repository/org/roaringbitmap/RoaringBitmap/1.0.0/RoaringBitmap-1.0.0.jar:/home/adan03/.m2/repository/org/apache/jena/jena-arq/4.10.0/jena-arq-4.10.0.jar:/home/adan03/.m2/repository/com/github/jsonld-java/jsonld-java/0.13.4/jsonld-java-0.13.4.jar:/home/adan03/.m2/repository/com/google/code/gson/gson/2.10.1/gson-2.10.1.jar:/home/adan03/.m2/repository/org/apache/httpcomponents/httpclient-cache/4.5.14/httpclient-cache-4.5.14.jar:/home/adan03/.m2/repository/org/apache/httpcomponents/httpclient/4.5.14/httpclient-4.5.14.jar:/home/adan03/.m2/repository/org/apache/httpcomponents/httpcore/4.4.16/httpcore-4.4.16.jar:/home/adan03/.m2/repository/org/slf4j/jcl-over-slf4j/1.7.36/jcl-over-slf4j-1.7.36.jar:/home/adan03/.m2/repository/com/fasterxml/jackson/core/jackson-core/2.15.3/jackson-core-2.15.3.jar:/home/adan03/.m2/repository/com/fasterxml/jackson/core/jackson-databind/2.15.3/jackson-databind-2.15.3.jar:/home/adan03/.m2/repository/com/fasterxml/jackson/core/jackson-annotations/2.15.3/jackson-annotations-2.15.3.jar:/home/adan03/.m2/repository/com/apicatalog/titanium-json-ld/1.3.2/titanium-json-ld-1.3.2.jar:/home/adan03/.m2/repository/org/glassfish/jakarta.json/2.0.1/jakarta.json-2.0.1.jar:/home/adan03/.m2/repository/com/google/protobuf/protobuf-java/3.24.3/protobuf-java-3.24.3.jar:/home/adan03/.m2/repository/org/apache/thrift/libthrift/0.19.0/libthrift-0.19.0.jar:/home/adan03/.m2/repository/org/apache/commons/commons-lang3/3.13.0/commons-lang3-3.13.0.jar:/home/adan03/.m2/repository/org/slf4j/slf4j-simple/1.7.36/slf4j-simple-1.7.36.jar:/home/adan03/.m2/repository/org/slf4j/slf4j-api/1.7.36/slf4j-api-1.7.36.jar:/home/adan03/.m2/repository/junit/junit/4.11/junit-4.11.jar:/home/adan03/.m2/repository/org/hamcrest/hamcrest-core/1.3/hamcrest-core-1.3.jar:"/>
    <property name="sun.cpu.endian" value="little"/>
    <property name="user.home" value="/home/adan03"/>
    <property name="user.language" value="es"/>
    <property name="java.specification.vendor" value="Oracle Corporation"/>
    <property name="java.version.date" value="2025-07-15"/>
    <property name="java.home" value="/usr/lib/jvm/java-21-openjdk-amd64"/>
    <property name="file.separator" value="/"/>
    <property name="basedir" value="/home/adan03/Escritorio/WSEM/practica2"/>
    <property name="java.vm.compressedOopsMode" value="32-bit"/>
    <property name="line.separator" value="&#10;"/>
    <property name="java.specification.name" value="Java Platform API Specification"/>
    <property name="java.vm.specification.vendor" value="Oracle Corporation"/>
    <property name="surefire.real.class.path" value="/home/adan03/Escritorio/WSEM/practica2/target/surefire/surefirebooter1650502468847466018.jar"/>
    <property name="sun.management.compiler" value="HotSpot 64-Bit Tiered Compilers"/>
    <property name="java.runtime.version" value="21.0.8+9-Ubuntu-0ubuntu124.04.1"/>
    <property name="user.name" value="adan03"/>
    <property name="stdout.encoding" value="UTF-8"/>
    <property name="path.separator" value=":"/>
    <property name="os.version" value="6.14.0-29-generic"/>
    <property name="java.runtime.name" value="OpenJDK Runtime Environment"/>
    <property name="file.encoding" value="UTF-8"/>
    <property name="java.vm.name" value="OpenJDK 64-Bit Server VM"/>
    <property name="maven.ext.class.path" value="/home/adan03/.vscode/extensions/oracle.oracle-java-24.1.0/nbcode/java/maven-nblib/netbeans-eventspy.jar"/>
    <property name="localRepository" value="/home/adan03/.m2/repository"/>
    <property name="java.vendor.url.bug" value="https://bugs.launchpad.net/ubuntu/+source/openjdk-21"/>
    <property name="java.io.tmpdir" value="/tmp"/>
    <property name="java.version" value="21.0.8"/>
    <property name="user.dir" value="/home/adan03/Escritorio/WSEM/practica2"/>
    <property name="os.arch" value="amd64"/>
    <property name="java.vm.specification.name" value="Java Virtual Machine Specification"/>
    <property name="native.encoding" value="UTF-8"/>
    <property name="java.library.path" value="/usr/java/packages/lib:/usr/lib/x86_64-linux-gnu/jni:/lib/x86_64-linux-gnu:/usr/lib/x86_64-linux-gnu:/usr/lib/jni:/lib:/usr/lib"/>
    <property name="java.vm.info" value="mixed mode, sharing"/>
    <property name="stderr.encoding" value="UTF-8"/>
    <property name="java.vendor" value="Ubuntu"/>
    <property name="java.vm.version" value="21.0.8+9-Ubuntu-0ubuntu124.04.1"/>
    <property name="sun.io.unicode.encoding" value="UnicodeLittle"/>
    <property name="java.class.version" value="65.0"/>
  </properties>
  <testcase name="shouldAnswerWithTrue" classname="com.example.jena.AppTest" time="0.004"/>
</testsuite>